ARM GAS  /var/folders/2z/dq2vcccn00x51mycd001whc40000gn/T//ccDmQVPE.s 			page 1


   1              		.cpu cortex-m4
   2              		.eabi_attribute 27, 1
   3              		.eabi_attribute 28, 1
   4              		.eabi_attribute 20, 1
   5              		.eabi_attribute 21, 1
   6              		.eabi_attribute 23, 3
   7              		.eabi_attribute 24, 1
   8              		.eabi_attribute 25, 1
   9              		.eabi_attribute 26, 1
  10              		.eabi_attribute 30, 1
  11              		.eabi_attribute 34, 1
  12              		.eabi_attribute 18, 4
  13              		.file	"main.c"
  14              		.text
  15              	.Ltext0:
  16              		.cfi_sections	.debug_frame
  17              		.section	.text.SystemClock_Config,"ax",%progbits
  18              		.align	1
  19              		.global	SystemClock_Config
  20              		.arch armv7e-m
  21              		.syntax unified
  22              		.thumb
  23              		.thumb_func
  24              		.fpu fpv4-sp-d16
  26              	SystemClock_Config:
  27              	.LFB127:
  28              		.file 1 "Core/Src/main.c"
   1:Core/Src/main.c **** /* USER CODE BEGIN Header */
   2:Core/Src/main.c **** /**
   3:Core/Src/main.c ****   ******************************************************************************
   4:Core/Src/main.c ****   * @file           : main.c
   5:Core/Src/main.c ****   * @brief          : Main program body
   6:Core/Src/main.c ****   ******************************************************************************
   7:Core/Src/main.c ****   * @attention
   8:Core/Src/main.c ****   *
   9:Core/Src/main.c ****   * <h2><center>&copy; Copyright (c) 2020 STMicroelectronics.
  10:Core/Src/main.c ****   * All rights reserved.</center></h2>
  11:Core/Src/main.c ****   *
  12:Core/Src/main.c ****   * This software component is licensed by ST under BSD 3-Clause license,
  13:Core/Src/main.c ****   * the "License"; You may not use this file except in compliance with the
  14:Core/Src/main.c ****   * License. You may obtain a copy of the License at:
  15:Core/Src/main.c ****   *                        opensource.org/licenses/BSD-3-Clause
  16:Core/Src/main.c ****   *
  17:Core/Src/main.c ****   ******************************************************************************
  18:Core/Src/main.c ****   */
  19:Core/Src/main.c **** /* USER CODE END Header */
  20:Core/Src/main.c **** /* Includes ------------------------------------------------------------------*/
  21:Core/Src/main.c **** #include "main.h"
  22:Core/Src/main.c **** #include "usart.h"
  23:Core/Src/main.c **** #include "gpio.h"
  24:Core/Src/main.c **** #include <stdio.h>
  25:Core/Src/main.c **** 
  26:Core/Src/main.c **** 
  27:Core/Src/main.c **** /* Private includes ----------------------------------------------------------*/
  28:Core/Src/main.c **** /* USER CODE BEGIN Includes */
  29:Core/Src/main.c **** 
  30:Core/Src/main.c **** /* USER CODE END Includes */
ARM GAS  /var/folders/2z/dq2vcccn00x51mycd001whc40000gn/T//ccDmQVPE.s 			page 2


  31:Core/Src/main.c **** 
  32:Core/Src/main.c **** /* Private typedef -----------------------------------------------------------*/
  33:Core/Src/main.c **** /* USER CODE BEGIN PTD */
  34:Core/Src/main.c **** 
  35:Core/Src/main.c **** /* USER CODE END PTD */
  36:Core/Src/main.c **** 
  37:Core/Src/main.c **** /* Private define ------------------------------------------------------------*/
  38:Core/Src/main.c **** /* USER CODE BEGIN PD */
  39:Core/Src/main.c **** /* USER CODE END PD */
  40:Core/Src/main.c **** 
  41:Core/Src/main.c **** /* Private macro -------------------------------------------------------------*/
  42:Core/Src/main.c **** /* USER CODE BEGIN PM */
  43:Core/Src/main.c **** 
  44:Core/Src/main.c **** /* USER CODE END PM */
  45:Core/Src/main.c **** 
  46:Core/Src/main.c **** /* Private variables ---------------------------------------------------------*/
  47:Core/Src/main.c **** 
  48:Core/Src/main.c **** /* USER CODE BEGIN PV */
  49:Core/Src/main.c **** 
  50:Core/Src/main.c **** /* USER CODE END PV */
  51:Core/Src/main.c **** 
  52:Core/Src/main.c **** /* Private function prototypes -----------------------------------------------*/
  53:Core/Src/main.c **** void SystemClock_Config(void);
  54:Core/Src/main.c **** /* USER CODE BEGIN PFP */
  55:Core/Src/main.c **** 
  56:Core/Src/main.c **** /* USER CODE END PFP */
  57:Core/Src/main.c **** 
  58:Core/Src/main.c **** /* Private user code ---------------------------------------------------------*/
  59:Core/Src/main.c **** /* USER CODE BEGIN 0 */
  60:Core/Src/main.c **** 
  61:Core/Src/main.c **** /* USER CODE END 0 */
  62:Core/Src/main.c **** 
  63:Core/Src/main.c **** /**
  64:Core/Src/main.c ****   * @brief  The application entry point.
  65:Core/Src/main.c ****   * @retval int
  66:Core/Src/main.c ****   */
  67:Core/Src/main.c **** int main(void)
  68:Core/Src/main.c **** {
  69:Core/Src/main.c ****   /* USER CODE BEGIN 1 */
  70:Core/Src/main.c **** 
  71:Core/Src/main.c ****   /* USER CODE END 1 */
  72:Core/Src/main.c **** 
  73:Core/Src/main.c ****   /* MCU Configuration--------------------------------------------------------*/
  74:Core/Src/main.c **** 
  75:Core/Src/main.c ****   /* Reset of all peripherals, Initializes the Flash interface and the Systick. */
  76:Core/Src/main.c ****   HAL_Init();
  77:Core/Src/main.c **** 
  78:Core/Src/main.c ****   /* USER CODE BEGIN Init */
  79:Core/Src/main.c **** 
  80:Core/Src/main.c ****   /* USER CODE END Init */
  81:Core/Src/main.c **** 
  82:Core/Src/main.c ****   /* Configure the system clock */
  83:Core/Src/main.c ****   SystemClock_Config();
  84:Core/Src/main.c **** 
  85:Core/Src/main.c ****   /* USER CODE BEGIN SysInit */
  86:Core/Src/main.c **** 
  87:Core/Src/main.c ****   /* USER CODE END SysInit */
ARM GAS  /var/folders/2z/dq2vcccn00x51mycd001whc40000gn/T//ccDmQVPE.s 			page 3


  88:Core/Src/main.c **** 
  89:Core/Src/main.c ****   /* Initialize all configured peripherals */
  90:Core/Src/main.c ****   MX_GPIO_Init();
  91:Core/Src/main.c ****   MX_USART2_UART_Init();
  92:Core/Src/main.c ****   /* USER CODE BEGIN 2 */
  93:Core/Src/main.c **** 
  94:Core/Src/main.c ****   /* USER CODE END 2 */
  95:Core/Src/main.c **** 
  96:Core/Src/main.c ****   /* Infinite loop */
  97:Core/Src/main.c ****   /* USER CODE BEGIN WHILE */
  98:Core/Src/main.c ****   while (1)
  99:Core/Src/main.c ****   {
 100:Core/Src/main.c ****     /* USER CODE END WHILE */
 101:Core/Src/main.c ****     HAL_GPIO_WritePin(LD2_GPIO_Port, LD2_Pin, GPIO_PIN_SET);
 102:Core/Src/main.c ****     HAL_Delay(500);
 103:Core/Src/main.c ****     HAL_GPIO_WritePin(LD2_GPIO_Port, LD2_Pin, GPIO_PIN_RESET);
 104:Core/Src/main.c ****     HAL_Delay(500);
 105:Core/Src/main.c **** 
 106:Core/Src/main.c ****     /* USER CODE BEGIN 3 */
 107:Core/Src/main.c ****   }
 108:Core/Src/main.c ****   /* USER CODE END 3 */
 109:Core/Src/main.c **** }
 110:Core/Src/main.c **** 
 111:Core/Src/main.c **** /**
 112:Core/Src/main.c ****   * @brief System Clock Configuration
 113:Core/Src/main.c ****   * @retval None
 114:Core/Src/main.c ****   */
 115:Core/Src/main.c **** void SystemClock_Config(void)
 116:Core/Src/main.c **** {
  29              		.loc 1 116 1 view -0
  30              		.cfi_startproc
  31              		@ args = 0, pretend = 0, frame = 64
  32              		@ frame_needed = 0, uses_anonymous_args = 0
  33 0000 30B5     		push	{r4, r5, lr}
  34              	.LCFI0:
  35              		.cfi_def_cfa_offset 12
  36              		.cfi_offset 4, -12
  37              		.cfi_offset 5, -8
  38              		.cfi_offset 14, -4
  39 0002 91B0     		sub	sp, sp, #68
  40              	.LCFI1:
  41              		.cfi_def_cfa_offset 80
 117:Core/Src/main.c ****   RCC_OscInitTypeDef RCC_OscInitStruct = {0};
  42              		.loc 1 117 3 view .LVU1
  43              		.loc 1 117 22 is_stmt 0 view .LVU2
  44 0004 0024     		movs	r4, #0
  45 0006 0794     		str	r4, [sp, #28]
  46 0008 0894     		str	r4, [sp, #32]
  47 000a 0994     		str	r4, [sp, #36]
  48 000c 0C94     		str	r4, [sp, #48]
 118:Core/Src/main.c ****   RCC_ClkInitTypeDef RCC_ClkInitStruct = {0};
  49              		.loc 1 118 3 is_stmt 1 view .LVU3
  50              		.loc 1 118 22 is_stmt 0 view .LVU4
  51 000e 0194     		str	r4, [sp, #4]
  52 0010 0294     		str	r4, [sp, #8]
  53 0012 0394     		str	r4, [sp, #12]
  54 0014 0494     		str	r4, [sp, #16]
ARM GAS  /var/folders/2z/dq2vcccn00x51mycd001whc40000gn/T//ccDmQVPE.s 			page 4


  55 0016 0594     		str	r4, [sp, #20]
 119:Core/Src/main.c **** 
 120:Core/Src/main.c ****   /** Initializes the RCC Oscillators according to the specified parameters
 121:Core/Src/main.c ****   * in the RCC_OscInitTypeDef structure.
 122:Core/Src/main.c ****   */
 123:Core/Src/main.c ****   RCC_OscInitStruct.OscillatorType = RCC_OSCILLATORTYPE_HSI;
  56              		.loc 1 123 3 is_stmt 1 view .LVU5
  57              		.loc 1 123 36 is_stmt 0 view .LVU6
  58 0018 0225     		movs	r5, #2
  59 001a 0695     		str	r5, [sp, #24]
 124:Core/Src/main.c ****   RCC_OscInitStruct.HSIState = RCC_HSI_ON;
  60              		.loc 1 124 3 is_stmt 1 view .LVU7
  61              		.loc 1 124 30 is_stmt 0 view .LVU8
  62 001c 0123     		movs	r3, #1
  63 001e 0A93     		str	r3, [sp, #40]
 125:Core/Src/main.c ****   RCC_OscInitStruct.HSICalibrationValue = RCC_HSICALIBRATION_DEFAULT;
  64              		.loc 1 125 3 is_stmt 1 view .LVU9
  65              		.loc 1 125 41 is_stmt 0 view .LVU10
  66 0020 1023     		movs	r3, #16
  67 0022 0B93     		str	r3, [sp, #44]
 126:Core/Src/main.c ****   RCC_OscInitStruct.PLL.PLLState = RCC_PLL_ON;
  68              		.loc 1 126 3 is_stmt 1 view .LVU11
  69              		.loc 1 126 34 is_stmt 0 view .LVU12
  70 0024 0D95     		str	r5, [sp, #52]
 127:Core/Src/main.c ****   RCC_OscInitStruct.PLL.PLLSource = RCC_PLLSOURCE_HSI;
  71              		.loc 1 127 3 is_stmt 1 view .LVU13
  72              		.loc 1 127 35 is_stmt 0 view .LVU14
  73 0026 0E94     		str	r4, [sp, #56]
 128:Core/Src/main.c ****   RCC_OscInitStruct.PLL.PLLMUL = RCC_PLL_MUL16;
  74              		.loc 1 128 3 is_stmt 1 view .LVU15
  75              		.loc 1 128 32 is_stmt 0 view .LVU16
  76 0028 4FF46013 		mov	r3, #3670016
  77 002c 0F93     		str	r3, [sp, #60]
 129:Core/Src/main.c ****   if (HAL_RCC_OscConfig(&RCC_OscInitStruct) != HAL_OK)
  78              		.loc 1 129 3 is_stmt 1 view .LVU17
  79              		.loc 1 129 7 is_stmt 0 view .LVU18
  80 002e 06A8     		add	r0, sp, #24
  81 0030 FFF7FEFF 		bl	HAL_RCC_OscConfig
  82              	.LVL0:
 130:Core/Src/main.c ****   {
 131:Core/Src/main.c ****     Error_Handler();
 132:Core/Src/main.c ****   }
 133:Core/Src/main.c ****   /** Initializes the CPU, AHB and APB buses clocks
 134:Core/Src/main.c ****   */
 135:Core/Src/main.c ****   RCC_ClkInitStruct.ClockType = RCC_CLOCKTYPE_HCLK|RCC_CLOCKTYPE_SYSCLK
  83              		.loc 1 135 3 is_stmt 1 view .LVU19
  84              		.loc 1 135 31 is_stmt 0 view .LVU20
  85 0034 0F23     		movs	r3, #15
  86 0036 0193     		str	r3, [sp, #4]
 136:Core/Src/main.c ****                               |RCC_CLOCKTYPE_PCLK1|RCC_CLOCKTYPE_PCLK2;
 137:Core/Src/main.c ****   RCC_ClkInitStruct.SYSCLKSource = RCC_SYSCLKSOURCE_PLLCLK;
  87              		.loc 1 137 3 is_stmt 1 view .LVU21
  88              		.loc 1 137 34 is_stmt 0 view .LVU22
  89 0038 0295     		str	r5, [sp, #8]
 138:Core/Src/main.c ****   RCC_ClkInitStruct.AHBCLKDivider = RCC_SYSCLK_DIV1;
  90              		.loc 1 138 3 is_stmt 1 view .LVU23
  91              		.loc 1 138 35 is_stmt 0 view .LVU24
ARM GAS  /var/folders/2z/dq2vcccn00x51mycd001whc40000gn/T//ccDmQVPE.s 			page 5


  92 003a 0394     		str	r4, [sp, #12]
 139:Core/Src/main.c ****   RCC_ClkInitStruct.APB1CLKDivider = RCC_HCLK_DIV2;
  93              		.loc 1 139 3 is_stmt 1 view .LVU25
  94              		.loc 1 139 36 is_stmt 0 view .LVU26
  95 003c 4FF48063 		mov	r3, #1024
  96 0040 0493     		str	r3, [sp, #16]
 140:Core/Src/main.c ****   RCC_ClkInitStruct.APB2CLKDivider = RCC_HCLK_DIV1;
  97              		.loc 1 140 3 is_stmt 1 view .LVU27
  98              		.loc 1 140 36 is_stmt 0 view .LVU28
  99 0042 0594     		str	r4, [sp, #20]
 141:Core/Src/main.c **** 
 142:Core/Src/main.c ****   if (HAL_RCC_ClockConfig(&RCC_ClkInitStruct, FLASH_LATENCY_2) != HAL_OK)
 100              		.loc 1 142 3 is_stmt 1 view .LVU29
 101              		.loc 1 142 7 is_stmt 0 view .LVU30
 102 0044 2946     		mov	r1, r5
 103 0046 01A8     		add	r0, sp, #4
 104 0048 FFF7FEFF 		bl	HAL_RCC_ClockConfig
 105              	.LVL1:
 143:Core/Src/main.c ****   {
 144:Core/Src/main.c ****     Error_Handler();
 145:Core/Src/main.c ****   }
 146:Core/Src/main.c **** }
 106              		.loc 1 146 1 view .LVU31
 107 004c 11B0     		add	sp, sp, #68
 108              	.LCFI2:
 109              		.cfi_def_cfa_offset 12
 110              		@ sp needed
 111 004e 30BD     		pop	{r4, r5, pc}
 112              		.cfi_endproc
 113              	.LFE127:
 115              		.section	.text.main,"ax",%progbits
 116              		.align	1
 117              		.global	main
 118              		.syntax unified
 119              		.thumb
 120              		.thumb_func
 121              		.fpu fpv4-sp-d16
 123              	main:
 124              	.LFB126:
  68:Core/Src/main.c ****   /* USER CODE BEGIN 1 */
 125              		.loc 1 68 1 is_stmt 1 view -0
 126              		.cfi_startproc
 127              		@ Volatile: function does not return.
 128              		@ args = 0, pretend = 0, frame = 0
 129              		@ frame_needed = 0, uses_anonymous_args = 0
 130 0000 08B5     		push	{r3, lr}
 131              	.LCFI3:
 132              		.cfi_def_cfa_offset 8
 133              		.cfi_offset 3, -8
 134              		.cfi_offset 14, -4
  76:Core/Src/main.c **** 
 135              		.loc 1 76 3 view .LVU33
 136 0002 FFF7FEFF 		bl	HAL_Init
 137              	.LVL2:
  83:Core/Src/main.c **** 
 138              		.loc 1 83 3 view .LVU34
 139 0006 FFF7FEFF 		bl	SystemClock_Config
ARM GAS  /var/folders/2z/dq2vcccn00x51mycd001whc40000gn/T//ccDmQVPE.s 			page 6


 140              	.LVL3:
  90:Core/Src/main.c ****   MX_USART2_UART_Init();
 141              		.loc 1 90 3 view .LVU35
 142 000a FFF7FEFF 		bl	MX_GPIO_Init
 143              	.LVL4:
  91:Core/Src/main.c ****   /* USER CODE BEGIN 2 */
 144              		.loc 1 91 3 view .LVU36
 145 000e FFF7FEFF 		bl	MX_USART2_UART_Init
 146              	.LVL5:
 147              	.L4:
  98:Core/Src/main.c ****   {
 148              		.loc 1 98 3 discriminator 1 view .LVU37
 101:Core/Src/main.c ****     HAL_Delay(500);
 149              		.loc 1 101 5 discriminator 1 view .LVU38
 150 0012 0B4C     		ldr	r4, .L6
 151 0014 0122     		movs	r2, #1
 152 0016 4FF40051 		mov	r1, #8192
 153 001a 2046     		mov	r0, r4
 154 001c FFF7FEFF 		bl	HAL_GPIO_WritePin
 155              	.LVL6:
 102:Core/Src/main.c ****     HAL_GPIO_WritePin(LD2_GPIO_Port, LD2_Pin, GPIO_PIN_RESET);
 156              		.loc 1 102 5 discriminator 1 view .LVU39
 157 0020 4FF4FA70 		mov	r0, #500
 158 0024 FFF7FEFF 		bl	HAL_Delay
 159              	.LVL7:
 103:Core/Src/main.c ****     HAL_Delay(500);
 160              		.loc 1 103 5 discriminator 1 view .LVU40
 161 0028 0022     		movs	r2, #0
 162 002a 4FF40051 		mov	r1, #8192
 163 002e 2046     		mov	r0, r4
 164 0030 FFF7FEFF 		bl	HAL_GPIO_WritePin
 165              	.LVL8:
 104:Core/Src/main.c **** 
 166              		.loc 1 104 5 discriminator 1 view .LVU41
 167 0034 4FF4FA70 		mov	r0, #500
 168 0038 FFF7FEFF 		bl	HAL_Delay
 169              	.LVL9:
  98:Core/Src/main.c ****   {
 170              		.loc 1 98 9 discriminator 1 view .LVU42
 171 003c E9E7     		b	.L4
 172              	.L7:
 173 003e 00BF     		.align	2
 174              	.L6:
 175 0040 00040048 		.word	1207960576
 176              		.cfi_endproc
 177              	.LFE126:
 179              		.section	.text.Error_Handler,"ax",%progbits
 180              		.align	1
 181              		.global	Error_Handler
 182              		.syntax unified
 183              		.thumb
 184              		.thumb_func
 185              		.fpu fpv4-sp-d16
 187              	Error_Handler:
 188              	.LFB128:
 147:Core/Src/main.c **** 
 148:Core/Src/main.c **** /* USER CODE BEGIN 4 */
ARM GAS  /var/folders/2z/dq2vcccn00x51mycd001whc40000gn/T//ccDmQVPE.s 			page 7


 149:Core/Src/main.c **** 
 150:Core/Src/main.c **** /* USER CODE END 4 */
 151:Core/Src/main.c **** 
 152:Core/Src/main.c **** /**
 153:Core/Src/main.c ****   * @brief  This function is executed in case of error occurrence.
 154:Core/Src/main.c ****   * @retval None
 155:Core/Src/main.c ****   */
 156:Core/Src/main.c **** void Error_Handler(void)
 157:Core/Src/main.c **** {
 189              		.loc 1 157 1 view -0
 190              		.cfi_startproc
 191              		@ args = 0, pretend = 0, frame = 0
 192              		@ frame_needed = 0, uses_anonymous_args = 0
 193              		@ link register save eliminated.
 158:Core/Src/main.c ****   /* USER CODE BEGIN Error_Handler_Debug */
 159:Core/Src/main.c ****   /* User can add his own implementation to report the HAL error return state */
 160:Core/Src/main.c **** 
 161:Core/Src/main.c ****   /* USER CODE END Error_Handler_Debug */
 162:Core/Src/main.c **** }
 194              		.loc 1 162 1 view .LVU44
 195 0000 7047     		bx	lr
 196              		.cfi_endproc
 197              	.LFE128:
 199              		.text
 200              	.Letext0:
 201              		.file 2 "/usr/local/Cellar/arm-gcc-bin/9-2020-q2-update/arm-none-eabi/include/machine/_default_typ
 202              		.file 3 "/usr/local/Cellar/arm-gcc-bin/9-2020-q2-update/arm-none-eabi/include/sys/_stdint.h"
 203              		.file 4 "Drivers/CMSIS/Include/core_cm4.h"
 204              		.file 5 "Drivers/CMSIS/Device/ST/STM32F3xx/Include/system_stm32f3xx.h"
 205              		.file 6 "Drivers/CMSIS/Device/ST/STM32F3xx/Include/stm32f302x8.h"
 206              		.file 7 "Drivers/STM32F3xx_HAL_Driver/Inc/stm32f3xx_hal_def.h"
 207              		.file 8 "Drivers/STM32F3xx_HAL_Driver/Inc/stm32f3xx_hal_rcc.h"
 208              		.file 9 "Drivers/STM32F3xx_HAL_Driver/Inc/stm32f3xx_hal_gpio.h"
 209              		.file 10 "Drivers/STM32F3xx_HAL_Driver/Inc/stm32f3xx_hal_dma.h"
 210              		.file 11 "Drivers/STM32F3xx_HAL_Driver/Inc/stm32f3xx_hal_uart.h"
 211              		.file 12 "Drivers/STM32F3xx_HAL_Driver/Inc/stm32f3xx_hal.h"
 212              		.file 13 "Core/Inc/usart.h"
 213              		.file 14 "/usr/local/Cellar/arm-gcc-bin/9-2020-q2-update/lib/gcc/arm-none-eabi/9.3.1/include/stdde
 214              		.file 15 "/usr/local/Cellar/arm-gcc-bin/9-2020-q2-update/arm-none-eabi/include/sys/_types.h"
 215              		.file 16 "/usr/local/Cellar/arm-gcc-bin/9-2020-q2-update/arm-none-eabi/include/sys/reent.h"
 216              		.file 17 "/usr/local/Cellar/arm-gcc-bin/9-2020-q2-update/arm-none-eabi/include/sys/lock.h"
 217              		.file 18 "Core/Inc/gpio.h"
ARM GAS  /var/folders/2z/dq2vcccn00x51mycd001whc40000gn/T//ccDmQVPE.s 			page 8


DEFINED SYMBOLS
                            *ABS*:0000000000000000 main.c
/var/folders/2z/dq2vcccn00x51mycd001whc40000gn/T//ccDmQVPE.s:18     .text.SystemClock_Config:0000000000000000 $t
/var/folders/2z/dq2vcccn00x51mycd001whc40000gn/T//ccDmQVPE.s:26     .text.SystemClock_Config:0000000000000000 SystemClock_Config
/var/folders/2z/dq2vcccn00x51mycd001whc40000gn/T//ccDmQVPE.s:116    .text.main:0000000000000000 $t
/var/folders/2z/dq2vcccn00x51mycd001whc40000gn/T//ccDmQVPE.s:123    .text.main:0000000000000000 main
/var/folders/2z/dq2vcccn00x51mycd001whc40000gn/T//ccDmQVPE.s:175    .text.main:0000000000000040 $d
/var/folders/2z/dq2vcccn00x51mycd001whc40000gn/T//ccDmQVPE.s:180    .text.Error_Handler:0000000000000000 $t
/var/folders/2z/dq2vcccn00x51mycd001whc40000gn/T//ccDmQVPE.s:187    .text.Error_Handler:0000000000000000 Error_Handler

UNDEFINED SYMBOLS
HAL_RCC_OscConfig
HAL_RCC_ClockConfig
HAL_Init
MX_GPIO_Init
MX_USART2_UART_Init
HAL_GPIO_WritePin
HAL_Delay
